[debug] [2021-07-07T06:12:18.372Z] ----------------------------------------------------------------------
[debug] [2021-07-07T06:12:18.377Z] Command:       D:\Program_Files\NODE\node.exe C:\Users\RRRK\AppData\Roaming\npm\node_modules\firebase-tools\lib\bin\firebase.js init
[debug] [2021-07-07T06:12:18.378Z] CLI Version:   9.14.0
[debug] [2021-07-07T06:12:18.378Z] Platform:      win32
[debug] [2021-07-07T06:12:18.378Z] Node Version:  v14.17.1
[debug] [2021-07-07T06:12:18.380Z] Time:          Wed Jul 07 2021 11:42:18 GMT+0530 (India Standard Time)
[debug] [2021-07-07T06:12:18.380Z] ----------------------------------------------------------------------
[debug] 
[debug] [2021-07-07T06:12:18.385Z] >>> [apiv2][query] GET https://firebase-public.firebaseio.com/cli.json [none]
[debug] [2021-07-07T06:12:18.429Z] > command requires scopes: ["email","openid","https://www.googleapis.com/auth/cloudplatformprojects.readonly","https://www.googleapis.com/auth/firebase","https://www.googleapis.com/auth/cloud-platform"]
[debug] [2021-07-07T06:12:18.429Z] > authorizing via signed-in user (riteshkokam@gmail.com)
[info] 
     ######## #### ########  ######## ########     ###     ######  ########
     ##        ##  ##     ## ##       ##     ##  ##   ##  ##       ##
     ######    ##  ########  ######   ########  #########  ######  ######
     ##        ##  ##    ##  ##       ##     ## ##     ##       ## ##
     ##       #### ##     ## ######## ########  ##     ##  ######  ########

You're about to initialize a Firebase project in this directory:

  D:\Web_Dev\React-Apps\e-commerce-site

Before we get started, keep in mind:

  * You are initializing within an existing Firebase project directory

[debug] [2021-07-07T06:12:19.334Z] <<< [apiv2][status] GET https://firebase-public.firebaseio.com/cli.json 200
[debug] [2021-07-07T06:12:19.335Z] <<< [apiv2][body] GET https://firebase-public.firebaseio.com/cli.json {"cloudBuildErrorAfter":1594252800000,"cloudBuildWarnAfter":1590019200000,"defaultNode10After":1594252800000,"minVersion":"3.0.5","node8DeploysDisabledAfter":1613390400000,"node8RuntimeDisabledAfter":1615809600000,"node8WarnAfter":1600128000000}
